INVALID METHOD: GET
INVALID METHOD: GET
INVALID METHOD: GET
INVALID METHOD: GET
INVALID METHOD: GET
INVALID METHOD: GET
INVALID METHOD: GET
INVALID METHOD: GET
INVALID METHOD: GET
INVALID METHOD: GET
INVALID METHOD: GET
INVALID METHOD: GET
INVALID METHOD: GET
INVALID METHOD: GET
INVALID METHOD: GET
INVALID METHOD: GET
INVALID METHOD: GET
INVALID METHOD: GET
MISSING ID
POST:
Array
(
)
MISSING ID
POST:
Array
(
)
MISSING ID
POST:
Array
(
)
MISSING ID
POST:
Array
(
)
INVALID METHOD: GET
INVALID METHOD: GET
